[2021-09-26T16:51:17.316] [DEBUG] cheese - login => username:zs,password:123456
[2021-09-26T16:51:17.327] [DEBUG] cheese - zs
[2021-09-26T16:51:17.340] [DEBUG] cheese - null
[2021-09-26T16:51:17.341] [DEBUG] cheese - null
[2021-09-26T16:51:47.916] [DEBUG] cheese - login => username:admin,password:123456
[2021-09-26T16:51:47.917] [DEBUG] cheese - admin
[2021-09-26T16:51:47.921] [DEBUG] cheese - null
[2021-09-26T16:51:47.921] [DEBUG] cheese - null
[2021-09-26T23:08:41.232] [DEBUG] cheese - login => username:erin,password:123456
[2021-09-26T23:08:41.233] [DEBUG] cheese - erin
[2021-09-26T23:08:41.240] [DEBUG] cheese - null
[2021-09-26T23:08:41.240] [DEBUG] cheese - null
[2021-09-26T23:08:52.038] [DEBUG] cheese - login => username:erin,password:123456
[2021-09-26T23:08:52.038] [DEBUG] cheese - erin
[2021-09-26T23:08:52.042] [DEBUG] cheese - null
[2021-09-26T23:08:52.042] [DEBUG] cheese - null
[2021-09-26T23:13:14.009] [DEBUG] cheese - login => username:erin,password:123456
[2021-09-26T23:13:14.009] [DEBUG] cheese - erin
[2021-09-26T23:13:14.011] [DEBUG] cheese - null
[2021-09-26T23:13:14.011] [DEBUG] cheese - null
[2021-09-26T23:13:19.003] [DEBUG] cheese - login => username:admin,password:123456
[2021-09-26T23:13:19.003] [DEBUG] cheese - admin
[2021-09-26T23:13:19.008] [DEBUG] cheese - null
[2021-09-26T23:13:19.008] [DEBUG] cheese - null
[2021-09-26T23:26:12.241] [DEBUG] cheese - login => username:erin,password:123456
[2021-09-26T23:26:12.242] [DEBUG] cheese - erin
[2021-09-26T23:26:12.247] [DEBUG] cheese - null
[2021-09-26T23:26:12.247] [DEBUG] cheese - null
[2021-09-26T23:27:14.019] [DEBUG] cheese - login => username:erin,password:123456
[2021-09-26T23:27:14.019] [DEBUG] cheese - erin
[2021-09-26T23:27:14.021] [DEBUG] cheese - null
[2021-09-26T23:27:14.021] [DEBUG] cheese - null
[2021-09-26T23:27:29.295] [DEBUG] cheese - login => username:erin,password:212123
[2021-09-26T23:27:29.296] [DEBUG] cheese - erin
[2021-09-26T23:27:29.301] [DEBUG] cheese - null
[2021-09-26T23:27:29.301] [DEBUG] cheese - null
[2021-09-26T23:30:14.466] [DEBUG] cheese - login => username:erin,password:1234455
[2021-09-26T23:30:14.467] [DEBUG] cheese - erin
[2021-09-26T23:30:14.470] [DEBUG] cheese - null
[2021-09-26T23:30:14.470] [DEBUG] cheese - null
[2021-09-26T23:31:26.953] [DEBUG] cheese - login => username:erin,password:132134324
[2021-09-26T23:31:26.954] [DEBUG] cheese - erin
[2021-09-26T23:31:26.955] [DEBUG] cheese - null
[2021-09-26T23:31:26.955] [DEBUG] cheese - null
[2021-09-26T23:33:15.206] [DEBUG] cheese - login => username:admin,password:123456
[2021-09-26T23:33:15.206] [DEBUG] cheese - admin
[2021-09-26T23:33:15.208] [DEBUG] cheese - null
[2021-09-26T23:33:15.209] [DEBUG] cheese - null
[2021-09-26T23:33:28.179] [DEBUG] cheese - login => username:admin,password:123456
[2021-09-26T23:33:28.179] [DEBUG] cheese - admin
[2021-09-26T23:33:28.180] [DEBUG] cheese - null
[2021-09-26T23:33:28.180] [DEBUG] cheese - null
[2021-09-26T23:34:25.819] [DEBUG] cheese - login => username:erin12,password:123123
[2021-09-26T23:34:25.820] [DEBUG] cheese - erin12
[2021-09-26T23:34:25.822] [DEBUG] cheese - null
[2021-09-26T23:34:25.822] [DEBUG] cheese - null
[2021-09-27T22:19:27.132] [DEBUG] cheese - login => username:admin,password:123456
[2021-09-27T22:19:27.134] [DEBUG] cheese - admin
[2021-09-27T22:19:27.147] [DEBUG] cheese - null
[2021-09-27T22:19:27.147] [DEBUG] cheese - null
[2021-09-27T22:26:56.055] [DEBUG] cheese - login => username:admin,password:123456
[2021-09-27T22:26:56.055] [DEBUG] cheese - admin
[2021-09-27T22:26:56.059] [DEBUG] cheese - null
[2021-09-27T22:26:56.059] [DEBUG] cheese - null
[2021-09-27T22:50:35.375] [DEBUG] cheese - login => username:admin,password:123456
[2021-09-27T22:50:35.376] [DEBUG] cheese - admin
[2021-09-27T22:50:35.382] [DEBUG] cheese - null
[2021-09-27T22:50:35.382] [DEBUG] cheese - null
[2021-09-27T22:51:04.855] [DEBUG] cheese - login => username:admin,password:123456
[2021-09-27T22:51:04.855] [DEBUG] cheese - admin
[2021-09-27T22:51:04.857] [DEBUG] cheese - null
[2021-09-27T22:51:04.857] [DEBUG] cheese - null
[2021-09-27T22:56:52.776] [DEBUG] cheese - login => username:admin,password:123456
[2021-09-27T22:56:52.776] [DEBUG] cheese - admin
[2021-09-27T22:56:52.778] [DEBUG] cheese - null
[2021-09-27T22:56:52.778] [DEBUG] cheese - null
[2021-09-27T23:34:52.893] [DEBUG] cheese - login => username:admin,password:123456
[2021-09-27T23:34:52.894] [DEBUG] cheese - admin
[2021-09-27T23:34:52.900] [DEBUG] cheese - null
[2021-09-27T23:34:52.901] [DEBUG] cheese - null
[2021-09-28T21:52:35.717] [DEBUG] cheese - login => username:admin,password:123456
[2021-09-28T21:52:35.718] [DEBUG] cheese - admin
[2021-09-28T21:52:35.746] [DEBUG] cheese - null
[2021-09-28T21:52:35.746] [DEBUG] cheese - null
[2021-09-28T22:38:55.366] [DEBUG] cheese - login => username:admin,password:123456
[2021-09-28T22:38:55.366] [DEBUG] cheese - admin
[2021-09-28T22:38:55.375] [DEBUG] cheese - null
[2021-09-28T22:38:55.375] [DEBUG] cheese - null
[2021-09-28T22:39:31.025] [DEBUG] cheese - login => username:admin,password:123456
[2021-09-28T22:39:31.026] [DEBUG] cheese - admin
[2021-09-28T22:39:31.031] [DEBUG] cheese - null
[2021-09-28T22:39:31.031] [DEBUG] cheese - null
[2021-09-28T22:40:37.744] [DEBUG] cheese - login => username:admin,password:123456
[2021-09-28T22:40:37.744] [DEBUG] cheese - admin
[2021-09-28T22:40:37.746] [DEBUG] cheese - null
[2021-09-28T22:40:37.746] [DEBUG] cheese - null
[2021-09-29T22:46:09.909] [DEBUG] cheese - login => username:admin,password:123456
[2021-09-29T22:46:09.909] [DEBUG] cheese - admin
[2021-09-29T22:46:09.981] [DEBUG] cheese - null
[2021-09-29T22:46:09.981] [DEBUG] cheese - null
[2021-10-02T18:41:33.998] [DEBUG] cheese - login => username:admin,password:123456
[2021-10-02T18:41:34.002] [DEBUG] cheese - admin
[2021-10-02T18:41:34.033] [DEBUG] cheese - null
[2021-10-02T18:41:34.034] [DEBUG] cheese - null
[2021-10-02T18:46:29.541] [DEBUG] cheese - login => username:admin,password:123456
[2021-10-02T18:46:29.541] [DEBUG] cheese - admin
[2021-10-02T18:46:29.543] [DEBUG] cheese - null
[2021-10-02T18:46:29.544] [DEBUG] cheese - null
[2021-10-02T18:49:33.877] [DEBUG] cheese - login => username:admin,password:123456
[2021-10-02T18:49:33.877] [DEBUG] cheese - admin
[2021-10-02T18:49:33.879] [DEBUG] cheese - null
[2021-10-02T18:49:33.879] [DEBUG] cheese - null
[2021-10-02T18:49:52.209] [DEBUG] cheese - login => username:admin,password:123456
[2021-10-02T18:49:52.209] [DEBUG] cheese - admin
[2021-10-02T18:49:52.211] [DEBUG] cheese - null
[2021-10-02T18:49:52.211] [DEBUG] cheese - null
[2021-10-02T22:07:17.556] [DEBUG] cheese - login => username:admin,password:123456
[2021-10-02T22:07:17.557] [DEBUG] cheese - admin
[2021-10-02T22:07:17.561] [DEBUG] cheese - null
[2021-10-02T22:07:17.561] [DEBUG] cheese - null
[2021-10-02T22:59:10.270] [DEBUG] cheese - login => username:admin,password:123456
[2021-10-02T22:59:10.271] [DEBUG] cheese - admin
[2021-10-02T22:59:10.279] [DEBUG] cheese - null
[2021-10-02T22:59:10.279] [DEBUG] cheese - null
[2021-10-03T12:29:29.410] [DEBUG] cheese - login => username:admin,password:123456
[2021-10-03T12:29:29.411] [DEBUG] cheese - admin
[2021-10-03T12:29:29.417] [DEBUG] cheese - null
[2021-10-03T12:29:29.418] [DEBUG] cheese - null
